
> roamie@0.1.0 build /app
> next build

▲ Next.js 16.2.4 (Turbopack)

⚠ The "middleware" file convention is deprecated. Please use "proxy" instead. Learn more: https://nextjs.org/docs/messages/middleware-to-proxy
  Creating an optimized production build ...
✓ Compiled successfully in 8.0s
  Running TypeScript ...
  Finished TypeScript in 7.4s ...
  Collecting page data using 3 workers ...
  Generating static pages using 3 workers (0/14) ...
  Generating static pages using 3 workers (3/14)
Error occurred prerendering page "/login". Read more: https://nextjs.org/docs/messages/prerender-error
Error: Missing Supabase environment variables: NEXT_PUBLIC_SUPABASE_URL and NEXT_PUBLIC_SUPABASE_ANON_KEY
    at <unknown> (.next/server/chunks/ssr/_0vxzw67._.js:55:138)
    at <unknown> (.next/server/chunks/ssr/_0kl2r_y._.js:1:6569) {
  digest: '2210772103'
}
Export encountered an error on /(auth)/login/page: /login, exiting the build.
⨯ Next.js build worker exited with code: 1 and signal: null
 ELIFECYCLE  Command failed with exit code 1.
